<?xml version="1.0" encoding="UTF-8"?>
<!-- Generated by org.testng.reporters.JUnitXMLReporter -->
<testsuite ignored="0" hostname="DESKTOP-TR92O59" failures="0" tests="3" name="Default test" time="3.307" errors="0" timestamp="2021-02-21T19:49:30 CET">
  <testcase classname="testcases.RateMovieTests" name="getRequestTokenTest" time="1.934"/>
  <testcase classname="testcases.RateMovieTests" name="rateMovieWithInValidGuestSession" time="0.68"/>
  <testcase classname="testcases.RateMovieTests" name="rateMovieWithValidGuestSession" time="0.66"/>
</testsuite> <!-- Default test -->
